-------------------------------------------------------------------------------
Test set: ch.qos.logback.core.boolex.MatcherTest
-------------------------------------------------------------------------------
Tests run: 4, Failures: 0, Errors: 0, Skipped: 0, Time elapsed: 0.008 sec
testFullRegion(ch.qos.logback.core.boolex.MatcherTest)  Time elapsed: 0.003 sec
testPartRegion(ch.qos.logback.core.boolex.MatcherTest)  Time elapsed: 0 sec
testCaseInsensitive(ch.qos.logback.core.boolex.MatcherTest)  Time elapsed: 0 sec
testCaseSensitive(ch.qos.logback.core.boolex.MatcherTest)  Time elapsed: 0 sec
