-------------------------------------------------------------------------------
Test set: ch.qos.logback.core.joran.TrivialConfiguratorTest
-------------------------------------------------------------------------------
Tests run: 5, Failures: 0, Errors: 0, Skipped: 0, Time elapsed: 0.017 sec
smoke(ch.qos.logback.core.joran.TrivialConfiguratorTest)  Time elapsed: 0.001 sec
inexistentFile(ch.qos.logback.core.joran.TrivialConfiguratorTest)  Time elapsed: 0.001 sec
illFormedXML(ch.qos.logback.core.joran.TrivialConfiguratorTest)  Time elapsed: 0.003 sec
lbcore105(ch.qos.logback.core.joran.TrivialConfiguratorTest)  Time elapsed: 0.006 sec
lbcore127(ch.qos.logback.core.joran.TrivialConfiguratorTest)  Time elapsed: 0.006 sec
