-------------------------------------------------------------------------------
Test set: ch.qos.logback.core.net.server.RemoteReceiverStreamClientTest
-------------------------------------------------------------------------------
Tests run: 2, Failures: 0, Errors: 0, Skipped: 0, Time elapsed: 0.003 sec
testOfferEventAndRun(ch.qos.logback.core.net.server.RemoteReceiverStreamClientTest)  Time elapsed: 0.001 sec
testOfferEventSequenceAndRun(ch.qos.logback.core.net.server.RemoteReceiverStreamClientTest)  Time elapsed: 0.001 sec
