-------------------------------------------------------------------------------
Test set: ch.qos.logback.core.helpers.ThrowableToStringArrayTest
-------------------------------------------------------------------------------
Tests run: 3, Failures: 0, Errors: 0, Skipped: 0, Time elapsed: 0.002 sec
smoke(ch.qos.logback.core.helpers.ThrowableToStringArrayTest)  Time elapsed: 0 sec
multiNested(ch.qos.logback.core.helpers.ThrowableToStringArrayTest)  Time elapsed: 0.001 sec
nested(ch.qos.logback.core.helpers.ThrowableToStringArrayTest)  Time elapsed: 0.001 sec
