-------------------------------------------------------------------------------
Test set: ch.qos.logback.core.net.ssl.KeyManagerFactoryFactoryBeanTest
-------------------------------------------------------------------------------
Tests run: 3, Failures: 0, Errors: 0, Skipped: 0, Time elapsed: 0.008 sec
testDefaults(ch.qos.logback.core.net.ssl.KeyManagerFactoryFactoryBeanTest)  Time elapsed: 0.004 sec
testExplicitAlgorithm(ch.qos.logback.core.net.ssl.KeyManagerFactoryFactoryBeanTest)  Time elapsed: 0 sec
testExplicitProvider(ch.qos.logback.core.net.ssl.KeyManagerFactoryFactoryBeanTest)  Time elapsed: 0 sec
