-------------------------------------------------------------------------------
Test set: ch.qos.logback.core.status.StatusBaseTest
-------------------------------------------------------------------------------
Tests run: 3, Failures: 0, Errors: 0, Skipped: 0, Time elapsed: 0 sec
testAddStatus(ch.qos.logback.core.status.StatusBaseTest)  Time elapsed: 0 sec
testRemoveStatus(ch.qos.logback.core.status.StatusBaseTest)  Time elapsed: 0 sec
testEffectiveLevel(ch.qos.logback.core.status.StatusBaseTest)  Time elapsed: 0 sec
