-------------------------------------------------------------------------------
Test set: ch.qos.logback.core.rolling.helper.FileStoreUtilTest
-------------------------------------------------------------------------------
Tests run: 2, Failures: 0, Errors: 0, Skipped: 1, Time elapsed: 0 sec
filesOnSameFolderShouldBeOnTheSameFileStore(ch.qos.logback.core.rolling.helper.FileStoreUtilTest)  Time elapsed: 0 sec
manual_filesOnDifferentVolumesShouldBeDetectedAsSuch(ch.qos.logback.core.rolling.helper.FileStoreUtilTest) skipped
