-------------------------------------------------------------------------------
Test set: ch.qos.logback.core.spi.CyclicBufferTrackerTest
-------------------------------------------------------------------------------
Tests run: 4, Failures: 0, Errors: 0, Skipped: 0, Time elapsed: 0 sec
smoke(ch.qos.logback.core.spi.CyclicBufferTrackerTest)  Time elapsed: 0 sec
empty0(ch.qos.logback.core.spi.CyclicBufferTrackerTest)  Time elapsed: 0 sec
empty1(ch.qos.logback.core.spi.CyclicBufferTrackerTest)  Time elapsed: 0 sec
destroy(ch.qos.logback.core.spi.CyclicBufferTrackerTest)  Time elapsed: 0 sec
