-------------------------------------------------------------------------------
Test set: ch.qos.logback.core.joran.action.DefinePropertyActionTest
-------------------------------------------------------------------------------
Tests run: 4, Failures: 0, Errors: 0, Skipped: 0, Time elapsed: 0.064 sec
good(ch.qos.logback.core.joran.action.DefinePropertyActionTest)  Time elapsed: 0.055 sec
noName(ch.qos.logback.core.joran.action.DefinePropertyActionTest)  Time elapsed: 0.001 sec
noClass(ch.qos.logback.core.joran.action.DefinePropertyActionTest)  Time elapsed: 0.002 sec
testBadClass(ch.qos.logback.core.joran.action.DefinePropertyActionTest)  Time elapsed: 0.002 sec
