-------------------------------------------------------------------------------
Test set: ch.qos.logback.core.net.ssl.TrustManagerFactoryFactoryBeanTest
-------------------------------------------------------------------------------
Tests run: 3, Failures: 0, Errors: 0, Skipped: 0, Time elapsed: 0.001 sec
testDefaults(ch.qos.logback.core.net.ssl.TrustManagerFactoryFactoryBeanTest)  Time elapsed: 0 sec
testExplicitAlgorithm(ch.qos.logback.core.net.ssl.TrustManagerFactoryFactoryBeanTest)  Time elapsed: 0 sec
testExplicitProvider(ch.qos.logback.core.net.ssl.TrustManagerFactoryFactoryBeanTest)  Time elapsed: 0 sec
