-------------------------------------------------------------------------------
Test set: ch.qos.logback.core.util.StatusPrinterTest
-------------------------------------------------------------------------------
Tests run: 3, Failures: 0, Errors: 0, Skipped: 0, Time elapsed: 0.002 sec
testBasic(ch.qos.logback.core.util.StatusPrinterTest)  Time elapsed: 0 sec
testNested(ch.qos.logback.core.util.StatusPrinterTest)  Time elapsed: 0.002 sec
testWithException(ch.qos.logback.core.util.StatusPrinterTest)  Time elapsed: 0 sec
