-------------------------------------------------------------------------------
Test set: ch.qos.logback.core.joran.SkippingInInterpreterTest
-------------------------------------------------------------------------------
Tests run: 4, Failures: 0, Errors: 0, Skipped: 0, Time elapsed: 0.008 sec
testSkippingRuntimeExInBadBegin(ch.qos.logback.core.joran.SkippingInInterpreterTest)  Time elapsed: 0.002 sec
testSkippingActionExInBadBegin(ch.qos.logback.core.joran.SkippingInInterpreterTest)  Time elapsed: 0.002 sec
testSkippingRuntimeExInBadEnd(ch.qos.logback.core.joran.SkippingInInterpreterTest)  Time elapsed: 0.002 sec
testSkippingActionExInBadEnd(ch.qos.logback.core.joran.SkippingInInterpreterTest)  Time elapsed: 0.002 sec
