-------------------------------------------------------------------------------
Test set: ch.qos.logback.core.net.ssl.KeyStoreFactoryBeanTest
-------------------------------------------------------------------------------
Tests run: 5, Failures: 0, Errors: 0, Skipped: 0, Time elapsed: 0.056 sec
testDefaults(ch.qos.logback.core.net.ssl.KeyStoreFactoryBeanTest)  Time elapsed: 0.002 sec
testExplicitProvider(ch.qos.logback.core.net.ssl.KeyStoreFactoryBeanTest)  Time elapsed: 0.005 sec
testExplicitType(ch.qos.logback.core.net.ssl.KeyStoreFactoryBeanTest)  Time elapsed: 0 sec
testPKCS12Type(ch.qos.logback.core.net.ssl.KeyStoreFactoryBeanTest)  Time elapsed: 0.049 sec
testExplicitPassphrase(ch.qos.logback.core.net.ssl.KeyStoreFactoryBeanTest)  Time elapsed: 0 sec
