-------------------------------------------------------------------------------
Test set: ch.qos.logback.core.AsyncAppenderBaseTest
-------------------------------------------------------------------------------
Tests run: 8, Failures: 0, Errors: 0, Skipped: 0, Time elapsed: 0.197 sec
smoke(ch.qos.logback.core.AsyncAppenderBaseTest)  Time elapsed: 0.003 sec
exceptionsShouldNotCauseHalting(ch.qos.logback.core.AsyncAppenderBaseTest)  Time elapsed: 0.004 sec
emptyQueueShouldBeStoppable(ch.qos.logback.core.AsyncAppenderBaseTest)  Time elapsed: 0.001 sec
workerShouldStopEvenIfInterruptExceptionConsumedWithinSubappender(ch.qos.logback.core.AsyncAppenderBaseTest)  Time elapsed: 0.001 sec
noEventLoss(ch.qos.logback.core.AsyncAppenderBaseTest)  Time elapsed: 0.095 sec
lossyAppenderShouldOnlyLooseCertainEvents(ch.qos.logback.core.AsyncAppenderBaseTest)  Time elapsed: 0.036 sec
lossyAppenderShouldBeNonLossyIfDiscardingThresholdIsZero(ch.qos.logback.core.AsyncAppenderBaseTest)  Time elapsed: 0.049 sec
invalidQueueCapacityShouldResultInNonStartedAppender(ch.qos.logback.core.AsyncAppenderBaseTest)  Time elapsed: 0.001 sec
