-------------------------------------------------------------------------------
Test set: ch.qos.logback.core.joran.replay.FruitConfigurationTest
-------------------------------------------------------------------------------
Tests run: 3, Failures: 0, Errors: 0, Skipped: 0, Time elapsed: 0.014 sec
fruit1(ch.qos.logback.core.joran.replay.FruitConfigurationTest)  Time elapsed: 0.007 sec
fruit2(ch.qos.logback.core.joran.replay.FruitConfigurationTest)  Time elapsed: 0.004 sec
withSubst(ch.qos.logback.core.joran.replay.FruitConfigurationTest)  Time elapsed: 0.003 sec
