-------------------------------------------------------------------------------
Test set: ch.qos.logback.core.rolling.SizeAndTimeBasedFNATP_Test
-------------------------------------------------------------------------------
Tests run: 7, Failures: 0, Errors: 0, Skipped: 0, Time elapsed: 0.128 sec
noCompression_FileSet_NoRestart_1(ch.qos.logback.core.rolling.SizeAndTimeBasedFNATP_Test)  Time elapsed: 0.016 sec
noCompression_FileBlank_NoRestart_2(ch.qos.logback.core.rolling.SizeAndTimeBasedFNATP_Test)  Time elapsed: 0.007 sec
noCompression_FileBlank_WithStopStart_3(ch.qos.logback.core.rolling.SizeAndTimeBasedFNATP_Test)  Time elapsed: 0.018 sec
noCompression_FileSet_WithStopStart_4(ch.qos.logback.core.rolling.SizeAndTimeBasedFNATP_Test)  Time elapsed: 0.031 sec
withGZCompression_FileSet_NoRestart_5(ch.qos.logback.core.rolling.SizeAndTimeBasedFNATP_Test)  Time elapsed: 0.018 sec
withGZCompression_FileBlank_NoRestart_6(ch.qos.logback.core.rolling.SizeAndTimeBasedFNATP_Test)  Time elapsed: 0.011 sec
withZipCompression_FileSet_NoRestart_7(ch.qos.logback.core.rolling.SizeAndTimeBasedFNATP_Test)  Time elapsed: 0.023 sec
