-------------------------------------------------------------------------------
Test set: ch.qos.logback.core.joran.event.SaxEventRecorderTest
-------------------------------------------------------------------------------
Tests run: 4, Failures: 0, Errors: 0, Skipped: 0, Time elapsed: 0.006 sec
test1(ch.qos.logback.core.joran.event.SaxEventRecorderTest)  Time elapsed: 0.002 sec
test2(ch.qos.logback.core.joran.event.SaxEventRecorderTest)  Time elapsed: 0.001 sec
test3(ch.qos.logback.core.joran.event.SaxEventRecorderTest)  Time elapsed: 0.001 sec
bodyWithSpacesAndQuotes(ch.qos.logback.core.joran.event.SaxEventRecorderTest)  Time elapsed: 0.001 sec
