-------------------------------------------------------------------------------
Test set: ch.qos.logback.core.spi.ScenarioBasedCyclicBufferTrackerTest
-------------------------------------------------------------------------------
Tests run: 3, Failures: 0, Errors: 0, Skipped: 0, Time elapsed: 0.56 sec
shortTest(ch.qos.logback.core.spi.ScenarioBasedCyclicBufferTrackerTest)  Time elapsed: 0 sec
mediumTest(ch.qos.logback.core.spi.ScenarioBasedCyclicBufferTrackerTest)  Time elapsed: 0.099 sec
longTest(ch.qos.logback.core.spi.ScenarioBasedCyclicBufferTrackerTest)  Time elapsed: 0.461 sec
