-------------------------------------------------------------------------------
Test set: ch.qos.logback.core.joran.implicitAction.ImplicitActionTest
-------------------------------------------------------------------------------
Tests run: 4, Failures: 0, Errors: 0, Skipped: 0, Time elapsed: 0.021 sec
nestedComplex(ch.qos.logback.core.joran.implicitAction.ImplicitActionTest)  Time elapsed: 0.006 sec
nestedComplexWithoutClassAtrribute(ch.qos.logback.core.joran.implicitAction.ImplicitActionTest)  Time elapsed: 0.003 sec
nestedComplexCollection(ch.qos.logback.core.joran.implicitAction.ImplicitActionTest)  Time elapsed: 0.004 sec
nestedComplexCollectionWithoutClassAtrribute(ch.qos.logback.core.joran.implicitAction.ImplicitActionTest)  Time elapsed: 0.006 sec
