-------------------------------------------------------------------------------
Test set: ch.qos.logback.core.util.ContentTypeUtilTest
-------------------------------------------------------------------------------
Tests run: 3, Failures: 0, Errors: 0, Skipped: 0, Time elapsed: 0 sec
smoke(ch.qos.logback.core.util.ContentTypeUtilTest)  Time elapsed: 0 sec
nullContext(ch.qos.logback.core.util.ContentTypeUtilTest)  Time elapsed: 0 sec
emptySubtype(ch.qos.logback.core.util.ContentTypeUtilTest)  Time elapsed: 0 sec
