-------------------------------------------------------------------------------
Test set: ch.qos.logback.core.status.StatusUtilTest
-------------------------------------------------------------------------------
Tests run: 3, Failures: 0, Errors: 0, Skipped: 0, Time elapsed: 0 sec
emptyStatusListShouldResultInNotFound(ch.qos.logback.core.status.StatusUtilTest)  Time elapsed: 0 sec
withoutResetsStatusUtilShouldReturnNotFound(ch.qos.logback.core.status.StatusUtilTest)  Time elapsed: 0 sec
statusListShouldReturnLastResetTime(ch.qos.logback.core.status.StatusUtilTest)  Time elapsed: 0 sec
