-------------------------------------------------------------------------------
Test set: ch.qos.logback.core.ContextBaseTest
-------------------------------------------------------------------------------
Tests run: 5, Failures: 0, Errors: 0, Skipped: 0, Time elapsed: 0.002 sec
renameDefault(ch.qos.logback.core.ContextBaseTest)  Time elapsed: 0 sec
idempotentNameTest(ch.qos.logback.core.ContextBaseTest)  Time elapsed: 0 sec
renameTest(ch.qos.logback.core.ContextBaseTest)  Time elapsed: 0 sec
resetTest(ch.qos.logback.core.ContextBaseTest)  Time elapsed: 0.001 sec
contextNameProperty(ch.qos.logback.core.ContextBaseTest)  Time elapsed: 0 sec
