-------------------------------------------------------------------------------
Test set: ch.qos.logback.core.OutputStreamAppenderTest
-------------------------------------------------------------------------------
Tests run: 5, Failures: 0, Errors: 0, Skipped: 0, Time elapsed: 0 sec
smoke(ch.qos.logback.core.OutputStreamAppenderTest)  Time elapsed: 0 sec
nullFileHeader(ch.qos.logback.core.OutputStreamAppenderTest)  Time elapsed: 0 sec
nullPresentationHeader(ch.qos.logback.core.OutputStreamAppenderTest)  Time elapsed: 0 sec
nullPresentationFooter(ch.qos.logback.core.OutputStreamAppenderTest)  Time elapsed: 0 sec
nullFileFooter(ch.qos.logback.core.OutputStreamAppenderTest)  Time elapsed: 0 sec
