-------------------------------------------------------------------------------
Test set: ch.qos.logback.core.rolling.SizeBasedRollingTest
-------------------------------------------------------------------------------
Tests run: 4, Failures: 0, Errors: 0, Skipped: 0, Time elapsed: 1.226 sec
smoke(ch.qos.logback.core.rolling.SizeBasedRollingTest)  Time elapsed: 0.404 sec
activeFileNameNotSet(ch.qos.logback.core.rolling.SizeBasedRollingTest)  Time elapsed: 0 sec
gz(ch.qos.logback.core.rolling.SizeBasedRollingTest)  Time elapsed: 0.408 sec
zipped(ch.qos.logback.core.rolling.SizeBasedRollingTest)  Time elapsed: 0.412 sec
