-------------------------------------------------------------------------------
Test set: ch.qos.logback.core.pattern.SpacePadderTest
-------------------------------------------------------------------------------
Tests run: 4, Failures: 0, Errors: 0, Skipped: 0, Time elapsed: 0 sec
smoke(ch.qos.logback.core.pattern.SpacePadderTest)  Time elapsed: 0 sec
nullString(ch.qos.logback.core.pattern.SpacePadderTest)  Time elapsed: 0 sec
longString(ch.qos.logback.core.pattern.SpacePadderTest)  Time elapsed: 0 sec
lengthyPad(ch.qos.logback.core.pattern.SpacePadderTest)  Time elapsed: 0 sec
